This is pdfTeX, Version 3.141592653-2.6-1.40.25 (TeX Live 2023/Debian) (preloaded format=pdflatex 2026.2.12)  12 FEB 2026 09:48
entering extended mode
 restricted \write18 enabled.
 %&-line parsing enabled.
**oblast_prim.tex
(./oblast_prim.tex
LaTeX2e <2023-11-01> patch level 1
L3 programming layer <2024-01-22>

! LaTeX Error: Unicode character –† (U+0420)
               not set up for use with LaTeX.

See the LaTeX manual or LaTeX Companion for explanation.
Type  H <return>  for immediate help.
 ...                                              
                                                  
l.1 –†
      –∞–±–æ—á–∞—è –ø—Ä–æ–≥—Ä–∞–º–º–∞ —É—á–µ–±–Ω–æ–π –¥–∏—Å—Ü–∏–ø–ª–∏–Ω—ã —è...

You may provide a definition with
\DeclareUnicodeCharacter 


! LaTeX Error: Unicode character –∞ (U+0430)
               not set up for use with LaTeX.

See the LaTeX manual or LaTeX Companion for explanation.
Type  H <return>  for immediate help.
 ...                                              
                                                  
l.1 –†–∞
        –±–æ—á–∞—è –ø—Ä–æ–≥—Ä–∞–º–º–∞ —É—á–µ–±–Ω–æ–π –¥–∏—Å—Ü–∏–ø–ª–∏–Ω—ã —è...

You may provide a definition with
\DeclareUnicodeCharacter 


! LaTeX Error: Unicode character –± (U+0431)
               not set up for use with LaTeX.

See the LaTeX manual or LaTeX Companion for explanation.
Type  H <return>  for immediate help.
 ...                                              
                                                  
l.1 –†–∞–±
          –æ—á–∞—è –ø—Ä–æ–≥—Ä–∞–º–º–∞ —É—á–µ–±–Ω–æ–π –¥–∏—Å—Ü–∏–ø–ª–∏–Ω—ã —è...

You may provide a definition with
\DeclareUnicodeCharacter 


! LaTeX Error: Unicode character –æ (U+043E)
               not set up for use with LaTeX.

See the LaTeX manual or LaTeX Companion for explanation.
Type  H <return>  for immediate help.
 ...                                              
                                                  
l.1 –†–∞–±–æ
            —á–∞—è –ø—Ä–æ–≥—Ä–∞–º–º–∞ —É—á–µ–±–Ω–æ–π –¥–∏—Å—Ü–∏–ø–ª–∏–Ω—ã —è...

You may provide a definition with
\DeclareUnicodeCharacter 


! LaTeX Error: Unicode character —á (U+0447)
               not set up for use with LaTeX.

See the LaTeX manual or LaTeX Companion for explanation.
Type  H <return>  for immediate help.
 ...                                              
                                                  
l.1 –†–∞–±–æ—á
              –∞—è –ø—Ä–æ–≥—Ä–∞–º–º–∞ —É—á–µ–±–Ω–æ–π –¥–∏—Å—Ü–∏–ø–ª–∏–Ω—ã —è...

You may provide a definition with
\DeclareUnicodeCharacter 


! LaTeX Error: Unicode character –∞ (U+0430)
               not set up for use with LaTeX.

See the LaTeX manual or LaTeX Companion for explanation.
Type  H <return>  for immediate help.
 ...                                              
                                                  
l.1 –†–∞–±–æ—á–∞
                —è –ø—Ä–æ–≥—Ä–∞–º–º–∞ —É—á–µ–±–Ω–æ–π –¥–∏—Å—Ü–∏–ø–ª–∏–Ω—ã —è...

You may provide a definition with
\DeclareUnicodeCharacter 


! LaTeX Error: Unicode character —è (U+044F)
               not set up for use with LaTeX.

See the LaTeX manual or LaTeX Companion for explanation.
Type  H <return>  for immediate help.
 ...                                              
                                                  
l.1 –†–∞–±–æ—á–∞—è
                   –ø—Ä–æ–≥—Ä–∞–º–º–∞ —É—á–µ–±–Ω–æ–π –¥–∏—Å—Ü–∏–ø–ª–∏–Ω—ã —è...

You may provide a definition with
\DeclareUnicodeCharacter 


! LaTeX Error: Unicode character –ø (U+043F)
               not set up for use with LaTeX.

See the LaTeX manual or LaTeX Companion for explanation.
Type  H <return>  for immediate help.
 ...                                              
                                                  
l.1 –†–∞–±–æ—á–∞—è –ø
                     —Ä–æ–≥—Ä–∞–º–º–∞ —É—á–µ–±–Ω–æ–π –¥–∏—Å—Ü–∏–ø–ª–∏–Ω—ã —è...

You may provide a definition with
\DeclareUnicodeCharacter 


! LaTeX Error: Unicode character —Ä (U+0440)
               not set up for use with LaTeX.

See the LaTeX manual or LaTeX Companion for explanation.
Type  H <return>  for immediate help.
 ...                                              
                                                  
l.1 –†–∞–±–æ—á–∞—è –ø—Ä
                       –æ–≥—Ä–∞–º–º–∞ —É—á–µ–±–Ω–æ–π –¥–∏—Å—Ü–∏–ø–ª–∏–Ω—ã —è...

You may provide a definition with
\DeclareUnicodeCharacter 


! LaTeX Error: Unicode character –æ (U+043E)
               not set up for use with LaTeX.

See the LaTeX manual or LaTeX Companion for explanation.
Type  H <return>  for immediate help.
 ...                                              
                                                  
l.1 –†–∞–±–æ—á–∞—è –ø—Ä–æ
                         –≥—Ä–∞–º–º–∞ —É—á–µ–±–Ω–æ–π –¥–∏—Å—Ü–∏–ø–ª–∏–Ω—ã —è...

You may provide a definition with
\DeclareUnicodeCharacter 


! LaTeX Error: Unicode character –≥ (U+0433)
               not set up for use with LaTeX.

See the LaTeX manual or LaTeX Companion for explanation.
Type  H <return>  for immediate help.
 ...                                              
                                                  
l.1 –†–∞–±–æ—á–∞—è –ø—Ä–æ–≥
                           —Ä–∞–º–º–∞ —É—á–µ–±–Ω–æ–π –¥–∏—Å—Ü–∏–ø–ª–∏–Ω—ã —è...

You may provide a definition with
\DeclareUnicodeCharacter 


! LaTeX Error: Unicode character —Ä (U+0440)
               not set up for use with LaTeX.

See the LaTeX manual or LaTeX Companion for explanation.
Type  H <return>  for immediate help.
 ...                                              
                                                  
l.1 –†–∞–±–æ—á–∞—è –ø—Ä–æ–≥—Ä
                             –∞–º–º–∞ —É—á–µ–±–Ω–æ–π –¥–∏—Å—Ü–∏–ø–ª–∏–Ω—ã —è...

You may provide a definition with
\DeclareUnicodeCharacter 


! LaTeX Error: Unicode character –∞ (U+0430)
               not set up for use with LaTeX.

See the LaTeX manual or LaTeX Companion for explanation.
Type  H <return>  for immediate help.
 ...                                              
                                                  
l.1 –†–∞–±–æ—á–∞—è –ø—Ä–æ–≥—Ä–∞
                               –º–º–∞ —É—á–µ–±–Ω–æ–π –¥–∏—Å—Ü–∏–ø–ª–∏–Ω—ã —è...

You may provide a definition with
\DeclareUnicodeCharacter 


! LaTeX Error: Unicode character –º (U+043C)
               not set up for use with LaTeX.

See the LaTeX manual or LaTeX Companion for explanation.
Type  H <return>  for immediate help.
 ...                                              
                                                  
l.1 –†–∞–±–æ—á–∞—è –ø—Ä–æ–≥—Ä–∞–º
                                 –º–∞ —É—á–µ–±–Ω–æ–π –¥–∏—Å—Ü–∏–ø–ª–∏–Ω—ã —è...

You may provide a definition with
\DeclareUnicodeCharacter 


! LaTeX Error: Unicode character –º (U+043C)
               not set up for use with LaTeX.

See the LaTeX manual or LaTeX Companion for explanation.
Type  H <return>  for immediate help.
 ...                                              
                                                  
l.1 –†–∞–±–æ—á–∞—è –ø—Ä–æ–≥—Ä–∞–º–º
                                   –∞ —É—á–µ–±–Ω–æ–π –¥–∏—Å—Ü–∏–ø–ª–∏–Ω—ã —è...

You may provide a definition with
\DeclareUnicodeCharacter 


! LaTeX Error: Unicode character –∞ (U+0430)
               not set up for use with LaTeX.

See the LaTeX manual or LaTeX Companion for explanation.
Type  H <return>  for immediate help.
 ...                                              
                                                  
l.1 –†–∞–±–æ—á–∞—è –ø—Ä–æ–≥—Ä–∞–º–º–∞
                                      —É—á–µ–±–Ω–æ–π –¥–∏—Å—Ü–∏–ø–ª–∏–Ω—ã —è...

You may provide a definition with
\DeclareUnicodeCharacter 


! LaTeX Error: Unicode character —É (U+0443)
               not set up for use with LaTeX.

See the LaTeX manual or LaTeX Companion for explanation.
Type  H <return>  for immediate help.
 ...                                              
                                                  
l.1 –†–∞–±–æ—á–∞—è –ø—Ä–æ–≥—Ä–∞–º–º–∞ —É
                                        —á–µ–±–Ω–æ–π –¥–∏—Å—Ü–∏–ø–ª–∏–Ω—ã —è...

You may provide a definition with
\DeclareUnicodeCharacter 


! LaTeX Error: Unicode character —á (U+0447)
               not set up for use with LaTeX.

See the LaTeX manual or LaTeX Companion for explanation.
Type  H <return>  for immediate help.
 ...                                              
                                                  
l.1 –†–∞–±–æ—á–∞—è –ø—Ä–æ–≥—Ä–∞–º–º–∞ —É—á
                                          –µ–±–Ω–æ–π –¥–∏—Å—Ü–∏–ø–ª–∏–Ω—ã —è...

You may provide a definition with
\DeclareUnicodeCharacter 


! LaTeX Error: Unicode character –µ (U+0435)
               not set up for use with LaTeX.

See the LaTeX manual or LaTeX Companion for explanation.
Type  H <return>  for immediate help.
 ...                                              
                                                  
l.1 –†–∞–±–æ—á–∞—è –ø—Ä–æ–≥—Ä–∞–º–º–∞ —É—á–µ
                                            –±–Ω–æ–π –¥–∏—Å—Ü–∏–ø–ª–∏–Ω—ã —è...

You may provide a definition with
\DeclareUnicodeCharacter 


! LaTeX Error: Unicode character –± (U+0431)
               not set up for use with LaTeX.

See the LaTeX manual or LaTeX Companion for explanation.
Type  H <return>  for immediate help.
 ...                                              
                                                  
l.1 –†–∞–±–æ—á–∞—è –ø—Ä–æ–≥—Ä–∞–º–º–∞ —É—á–µ–±
                                              –Ω–æ–π –¥–∏—Å—Ü–∏–ø–ª–∏–Ω—ã —è...

You may provide a definition with
\DeclareUnicodeCharacter 


! LaTeX Error: Unicode character –Ω (U+043D)
               not set up for use with LaTeX.

See the LaTeX manual or LaTeX Companion for explanation.
Type  H <return>  for immediate help.
 ...                                              
                                                  
l.1 –†–∞–±–æ—á–∞—è –ø—Ä–æ–≥—Ä–∞–º–º–∞ —É—á–µ–±–Ω
                                                –æ–π –¥–∏—Å—Ü–∏–ø–ª–∏–Ω—ã —è...

You may provide a definition with
\DeclareUnicodeCharacter 


! LaTeX Error: Unicode character –æ (U+043E)
               not set up for use with LaTeX.

See the LaTeX manual or LaTeX Companion for explanation.
Type  H <return>  for immediate help.
 ...                                              
                                                  
l.1 –†–∞–±–æ—á–∞—è –ø—Ä–æ–≥—Ä–∞–º–º–∞ —É—á–µ–±–Ω–æ
                                                  –π –¥–∏—Å—Ü–∏–ø–ª–∏–Ω—ã —è...

You may provide a definition with
\DeclareUnicodeCharacter 


! LaTeX Error: Unicode character –π (U+0439)
               not set up for use with LaTeX.

See the LaTeX manual or LaTeX Companion for explanation.
Type  H <return>  for immediate help.
 ...                                              
                                                  
l.1 ...±–æ—á–∞—è –ø—Ä–æ–≥—Ä–∞–º–º–∞ —É—á–µ–±–Ω–æ–π
                                                   –¥–∏—Å—Ü–∏–ø–ª–∏–Ω—ã —è–≤...

You may provide a definition with
\DeclareUnicodeCharacter 


! LaTeX Error: Unicode character –¥ (U+0434)
               not set up for use with LaTeX.

See the LaTeX manual or LaTeX Companion for explanation.
Type  H <return>  for immediate help.
 ...                                              
                                                  
l.1 ...—á–∞—è –ø—Ä–æ–≥—Ä–∞–º–º–∞ —É—á–µ–±–Ω–æ–π –¥
                                                  –∏—Å—Ü–∏–ø–ª–∏–Ω—ã —è–≤–ª—...

You may provide a definition with
\DeclareUnicodeCharacter 


! LaTeX Error: Unicode character –∏ (U+0438)
               not set up for use with LaTeX.

See the LaTeX manual or LaTeX Companion for explanation.
Type  H <return>  for immediate help.
 ...                                              
                                                  
l.1 ...–∞—è –ø—Ä–æ–≥—Ä–∞–º–º–∞ —É—á–µ–±–Ω–æ–π –¥–∏
                                                  —Å—Ü–∏–ø–ª–∏–Ω—ã —è–≤–ª—è–...

You may provide a definition with
\DeclareUnicodeCharacter 


! LaTeX Error: Unicode character —Å (U+0441)
               not set up for use with LaTeX.

See the LaTeX manual or LaTeX Companion for explanation.
Type  H <return>  for immediate help.
 ...                                              
                                                  
l.1 ...—è –ø—Ä–æ–≥—Ä–∞–º–º–∞ —É—á–µ–±–Ω–æ–π –¥–∏—Å
                                                  —Ü–∏–ø–ª–∏–Ω—ã —è–≤–ª—è–µ—...

You may provide a definition with
\DeclareUnicodeCharacter 


! LaTeX Error: Unicode character —Ü (U+0446)
               not set up for use with LaTeX.

See the LaTeX manual or LaTeX Companion for explanation.
Type  H <return>  for immediate help.
 ...                                              
                                                  
l.1 ... –ø—Ä–æ–≥—Ä–∞–º–º–∞ —É—á–µ–±–Ω–æ–π –¥–∏—Å—Ü
                                                  –∏–ø–ª–∏–Ω—ã —è–≤–ª—è–µ—Ç—...

You may provide a definition with
\DeclareUnicodeCharacter 


! LaTeX Error: Unicode character –∏ (U+0438)
               not set up for use with LaTeX.

See the LaTeX manual or LaTeX Companion for explanation.
Type  H <return>  for immediate help.
 ...                                              
                                                  
l.1 ...ø—Ä–æ–≥—Ä–∞–º–º–∞ —É—á–µ–±–Ω–æ–π –¥–∏—Å—Ü–∏
                                                  –ø–ª–∏–Ω—ã —è–≤–ª—è–µ—Ç—Å—...

You may provide a definition with
\DeclareUnicodeCharacter 


! LaTeX Error: Unicode character –ø (U+043F)
               not set up for use with LaTeX.

See the LaTeX manual or LaTeX Companion for explanation.
Type  H <return>  for immediate help.
 ...                                              
                                                  
l.1 ...Ä–æ–≥—Ä–∞–º–º–∞ —É—á–µ–±–Ω–æ–π –¥–∏—Å—Ü–∏–ø
                                                  –ª–∏–Ω—ã —è–≤–ª—è–µ—Ç—Å—è ...

You may provide a definition with
\DeclareUnicodeCharacter 


! LaTeX Error: Unicode character –ª (U+043B)
               not set up for use with LaTeX.

See the LaTeX manual or LaTeX Companion for explanation.
Type  H <return>  for immediate help.
 ...                                              
                                                  
l.1 ...æ–≥—Ä–∞–º–º–∞ —É—á–µ–±–Ω–æ–π –¥–∏—Å—Ü–∏–ø–ª
                                                  –∏–Ω—ã —è–≤–ª—è–µ—Ç—Å—è —á...

You may provide a definition with
\DeclareUnicodeCharacter 


! LaTeX Error: Unicode character –∏ (U+0438)
               not set up for use with LaTeX.

See the LaTeX manual or LaTeX Companion for explanation.
Type  H <return>  for immediate help.
 ...                                              
                                                  
l.1 ...≥—Ä–∞–º–º–∞ —É—á–µ–±–Ω–æ–π –¥–∏—Å—Ü–∏–ø–ª–∏
                                                  –Ω—ã —è–≤–ª—è–µ—Ç—Å—è —á–∞...

You may provide a definition with
\DeclareUnicodeCharacter 


! LaTeX Error: Unicode character –Ω (U+043D)
               not set up for use with LaTeX.

See the LaTeX manual or LaTeX Companion for explanation.
Type  H <return>  for immediate help.
 ...                                              
                                                  
l.1 ...Ä–∞–º–º–∞ —É—á–µ–±–Ω–æ–π –¥–∏—Å—Ü–∏–ø–ª–∏–Ω
                                                  —ã —è–≤–ª—è–µ—Ç—Å—è —á–∞—Å...

You may provide a definition with
\DeclareUnicodeCharacter 


! LaTeX Error: Unicode character —ã (U+044B)
               not set up for use with LaTeX.

See the LaTeX manual or LaTeX Companion for explanation.
Type  H <return>  for immediate help.
 ...                                              
                                                  
l.1 ...∞–º–º–∞ —É—á–µ–±–Ω–æ–π –¥–∏—Å—Ü–∏–ø–ª–∏–Ω—ã
                                                   —è–≤–ª—è–µ—Ç—Å—è —á–∞—Å—Ç...

You may provide a definition with
\DeclareUnicodeCharacter 


! LaTeX Error: Unicode character —è (U+044F)
               not set up for use with LaTeX.

See the LaTeX manual or LaTeX Companion for explanation.
Type  H <return>  for immediate help.
 ...                                              
                                                  
l.1 ...–º–∞ —É—á–µ–±–Ω–æ–π –¥–∏—Å—Ü–∏–ø–ª–∏–Ω—ã —è
                                                  –≤–ª—è–µ—Ç—Å—è —á–∞—Å—Ç—å—...

You may provide a definition with
\DeclareUnicodeCharacter 


! LaTeX Error: Unicode character –≤ (U+0432)
               not set up for use with LaTeX.

See the LaTeX manual or LaTeX Companion for explanation.
Type  H <return>  for immediate help.
 ...                                              
                                                  
l.1 ...–∞ —É—á–µ–±–Ω–æ–π –¥–∏—Å—Ü–∏–ø–ª–∏–Ω—ã —è–≤
                                                  –ª—è–µ—Ç—Å—è —á–∞—Å—Ç—å—é ...

You may provide a definition with
\DeclareUnicodeCharacter 


! LaTeX Error: Unicode character –ª (U+043B)
               not set up for use with LaTeX.

See the LaTeX manual or LaTeX Companion for explanation.
Type  H <return>  for immediate help.
 ...                                              
                                                  
l.1 ... —É—á–µ–±–Ω–æ–π –¥–∏—Å—Ü–∏–ø–ª–∏–Ω—ã —è–≤–ª
                                                  —è–µ—Ç—Å—è —á–∞—Å—Ç—å—é –ø...

You may provide a definition with
\DeclareUnicodeCharacter 


! LaTeX Error: Unicode character —è (U+044F)
               not set up for use with LaTeX.

See the LaTeX manual or LaTeX Companion for explanation.
Type  H <return>  for immediate help.
 ...                                              
                                                  
l.1 ...É—á–µ–±–Ω–æ–π –¥–∏—Å—Ü–∏–ø–ª–∏–Ω—ã —è–≤–ª—è
                                                  –µ—Ç—Å—è —á–∞—Å—Ç—å—é –ø—Ä...

You may provide a definition with
\DeclareUnicodeCharacter 


! LaTeX Error: Unicode character –µ (U+0435)
               not set up for use with LaTeX.

See the LaTeX manual or LaTeX Companion for explanation.
Type  H <return>  for immediate help.
 ...                                              
                                                  
l.1 ...á–µ–±–Ω–æ–π –¥–∏—Å—Ü–∏–ø–ª–∏–Ω—ã —è–≤–ª—è–µ
                                                  —Ç—Å—è —á–∞—Å—Ç—å—é –ø—Ä–æ...

You may provide a definition with
\DeclareUnicodeCharacter 


! LaTeX Error: Unicode character —Ç (U+0442)
               not set up for use with LaTeX.

See the LaTeX manual or LaTeX Companion for explanation.
Type  H <return>  for immediate help.
 ...                                              
                                                  
l.1 ...µ–±–Ω–æ–π –¥–∏—Å—Ü–∏–ø–ª–∏–Ω—ã —è–≤–ª—è–µ—Ç
                                                  —Å—è —á–∞—Å—Ç—å—é –ø—Ä–æ–≥...

You may provide a definition with
\DeclareUnicodeCharacter 


! LaTeX Error: Unicode character —Å (U+0441)
               not set up for use with LaTeX.

See the LaTeX manual or LaTeX Companion for explanation.
Type  H <return>  for immediate help.
 ...                                              
                                                  
l.1 ...±–Ω–æ–π –¥–∏—Å—Ü–∏–ø–ª–∏–Ω—ã —è–≤–ª—è–µ—Ç—Å
                                                  —è —á–∞—Å—Ç—å—é –ø—Ä–æ–≥—Ä...

You may provide a definition with
\DeclareUnicodeCharacter 


! LaTeX Error: Unicode character —è (U+044F)
               not set up for use with LaTeX.

See the LaTeX manual or LaTeX Companion for explanation.
Type  H <return>  for immediate help.
 ...                                              
                                                  
l.1 ...Ω–æ–π –¥–∏—Å—Ü–∏–ø–ª–∏–Ω—ã —è–≤–ª—è–µ—Ç—Å—è
                                                   —á–∞—Å—Ç—å—é –ø—Ä–æ–≥—Ä–∞...

You may provide a definition with
\DeclareUnicodeCharacter 


! LaTeX Error: Unicode character —á (U+0447)
               not set up for use with LaTeX.

See the LaTeX manual or LaTeX Companion for explanation.
Type  H <return>  for immediate help.
 ...                                              
                                                  
l.1 ...–π –¥–∏—Å—Ü–∏–ø–ª–∏–Ω—ã —è–≤–ª—è–µ—Ç—Å—è —á
                                                  –∞—Å—Ç—å—é –ø—Ä–æ–≥—Ä–∞–º–...

You may provide a definition with
\DeclareUnicodeCharacter 


! LaTeX Error: Unicode character –∞ (U+0430)
               not set up for use with LaTeX.

See the LaTeX manual or LaTeX Companion for explanation.
Type  H <return>  for immediate help.
 ...                                              
                                                  
l.1 ... –¥–∏—Å—Ü–∏–ø–ª–∏–Ω—ã —è–≤–ª—è–µ—Ç—Å—è —á–∞
                                                  —Å—Ç—å—é –ø—Ä–æ–≥—Ä–∞–º–º—...

You may provide a definition with
\DeclareUnicodeCharacter 


! LaTeX Error: Unicode character —Å (U+0441)
               not set up for use with LaTeX.

See the LaTeX manual or LaTeX Companion for explanation.
Type  H <return>  for immediate help.
 ...                                              
                                                  
l.1 ...¥–∏—Å—Ü–∏–ø–ª–∏–Ω—ã —è–≤–ª—è–µ—Ç—Å—è —á–∞—Å
                                                  —Ç—å—é –ø—Ä–æ–≥—Ä–∞–º–º—ã ...

You may provide a definition with
\DeclareUnicodeCharacter 


! LaTeX Error: Unicode character —Ç (U+0442)
               not set up for use with LaTeX.

See the LaTeX manual or LaTeX Companion for explanation.
Type  H <return>  for immediate help.
 ...                                              
                                                  
l.1 ...∏—Å—Ü–∏–ø–ª–∏–Ω—ã —è–≤–ª—è–µ—Ç—Å—è —á–∞—Å—Ç
                                                  —å—é –ø—Ä–æ–≥—Ä–∞–º–º—ã –ø...

You may provide a definition with
\DeclareUnicodeCharacter 


! LaTeX Error: Unicode character —å (U+044C)
               not set up for use with LaTeX.

See the LaTeX manual or LaTeX Companion for explanation.
Type  H <return>  for immediate help.
 ...                                              
                                                  
l.1 ...Å—Ü–∏–ø–ª–∏–Ω—ã —è–≤–ª—è–µ—Ç—Å—è —á–∞—Å—Ç—å
                                                  —é –ø—Ä–æ–≥—Ä–∞–º–º—ã –ø–æ...

You may provide a definition with
\DeclareUnicodeCharacter 


! LaTeX Error: Unicode character —é (U+044E)
               not set up for use with LaTeX.

See the LaTeX manual or LaTeX Companion for explanation.
Type  H <return>  for immediate help.
 ...                                              
                                                  
l.1 ...Ü–∏–ø–ª–∏–Ω—ã —è–≤–ª—è–µ—Ç—Å—è —á–∞—Å—Ç—å—é
                                                   –ø—Ä–æ–≥—Ä–∞–º–º—ã –ø–æ–¥...

You may provide a definition with
\DeclareUnicodeCharacter 


! LaTeX Error: Unicode character –ø (U+043F)
               not set up for use with LaTeX.

See the LaTeX manual or LaTeX Companion for explanation.
Type  H <return>  for immediate help.
 ...                                              
                                                  
l.1 ...–ø–ª–∏–Ω—ã —è–≤–ª—è–µ—Ç—Å—è —á–∞—Å—Ç—å—é –ø
                                                  —Ä–æ–≥—Ä–∞–º–º—ã –ø–æ–¥–≥–...

You may provide a definition with
\DeclareUnicodeCharacter 


! LaTeX Error: Unicode character —Ä (U+0440)
               not set up for use with LaTeX.

See the LaTeX manual or LaTeX Companion for explanation.
Type  H <return>  for immediate help.
 ...                                              
                                                  
l.1 ...–ª–∏–Ω—ã —è–≤–ª—è–µ—Ç—Å—è —á–∞—Å—Ç—å—é –ø—Ä
                                                  –æ–≥—Ä–∞–º–º—ã –ø–æ–¥–≥–æ—...

You may provide a definition with
\DeclareUnicodeCharacter 


! LaTeX Error: Unicode character –æ (U+043E)
               not set up for use with LaTeX.

See the LaTeX manual or LaTeX Companion for explanation.
Type  H <return>  for immediate help.
 ...                                              
                                                  
l.1 ...–∏–Ω—ã —è–≤–ª—è–µ—Ç—Å—è —á–∞—Å—Ç—å—é –ø—Ä–æ
                                                  –≥—Ä–∞–º–º—ã –ø–æ–¥–≥–æ—Ç–...

You may provide a definition with
\DeclareUnicodeCharacter 


! LaTeX Error: Unicode character –≥ (U+0433)
               not set up for use with LaTeX.

See the LaTeX manual or LaTeX Companion for explanation.
Type  H <return>  for immediate help.
 ...                                              
                                                  
l.1 ...–Ω—ã —è–≤–ª—è–µ—Ç—Å—è —á–∞—Å—Ç—å—é –ø—Ä–æ–≥
                                                  —Ä–∞–º–º—ã –ø–æ–¥–≥–æ—Ç–æ–...

You may provide a definition with
\DeclareUnicodeCharacter 


! LaTeX Error: Unicode character —Ä (U+0440)
               not set up for use with LaTeX.

See the LaTeX manual or LaTeX Companion for explanation.
Type  H <return>  for immediate help.
 ...                                              
                                                  
l.1 ...—ã —è–≤–ª—è–µ—Ç—Å—è —á–∞—Å—Ç—å—é –ø—Ä–æ–≥—Ä
                                                  –∞–º–º—ã –ø–æ–¥–≥–æ—Ç–æ–≤–...

You may provide a definition with
\DeclareUnicodeCharacter 


! LaTeX Error: Unicode character –∞ (U+0430)
               not set up for use with LaTeX.

See the LaTeX manual or LaTeX Companion for explanation.
Type  H <return>  for immediate help.
 ...                                              
                                                  
l.1 ... —è–≤–ª—è–µ—Ç—Å—è —á–∞—Å—Ç—å—é –ø—Ä–æ–≥—Ä–∞
                                                  –º–º—ã –ø–æ–¥–≥–æ—Ç–æ–≤–∫–...

You may provide a definition with
\DeclareUnicodeCharacter 


! LaTeX Error: Unicode character –º (U+043C)
               not set up for use with LaTeX.

See the LaTeX manual or LaTeX Companion for explanation.
Type  H <return>  for immediate help.
 ...                                              
                                                  
l.1 ...è–≤–ª—è–µ—Ç—Å—è —á–∞—Å—Ç—å—é –ø—Ä–æ–≥—Ä–∞–º
                                                  –º—ã –ø–æ–¥–≥–æ—Ç–æ–≤–∫–∏ ...

You may provide a definition with
\DeclareUnicodeCharacter 


! LaTeX Error: Unicode character –º (U+043C)
               not set up for use with LaTeX.

See the LaTeX manual or LaTeX Companion for explanation.
Type  H <return>  for immediate help.
 ...                                              
                                                  
l.1 ...≤–ª—è–µ—Ç—Å—è —á–∞—Å—Ç—å—é –ø—Ä–æ–≥—Ä–∞–º–º
                                                  —ã –ø–æ–¥–≥–æ—Ç–æ–≤–∫–∏ —Å...

You may provide a definition with
\DeclareUnicodeCharacter 


! LaTeX Error: Unicode character —ã (U+044B)
               not set up for use with LaTeX.

See the LaTeX manual or LaTeX Companion for explanation.
Type  H <return>  for immediate help.
 ...                                              
                                                  
l.1 ...ª—è–µ—Ç—Å—è —á–∞—Å—Ç—å—é –ø—Ä–æ–≥—Ä–∞–º–º—ã
                                                   –ø–æ–¥–≥–æ—Ç–æ–≤–∫–∏ —Å–ø...

You may provide a definition with
\DeclareUnicodeCharacter 


! LaTeX Error: Unicode character –ø (U+043F)
               not set up for use with LaTeX.

See the LaTeX manual or LaTeX Companion for explanation.
Type  H <return>  for immediate help.
 ...                                              
                                                  
l.1 ...–µ—Ç—Å—è —á–∞—Å—Ç—å—é –ø—Ä–æ–≥—Ä–∞–º–º—ã –ø
                                                  –æ–¥–≥–æ—Ç–æ–≤–∫–∏ —Å–ø–µ—...

You may provide a definition with
\DeclareUnicodeCharacter 


! LaTeX Error: Unicode character –æ (U+043E)
               not set up for use with LaTeX.

See the LaTeX manual or LaTeX Companion for explanation.
Type  H <return>  for immediate help.
 ...                                              
                                                  
l.1 ...—Ç—Å—è —á–∞—Å—Ç—å—é –ø—Ä–æ–≥—Ä–∞–º–º—ã –ø–æ
                                                  –¥–≥–æ—Ç–æ–≤–∫–∏ —Å–ø–µ—Ü–...

You may provide a definition with
\DeclareUnicodeCharacter 


! LaTeX Error: Unicode character –¥ (U+0434)
               not set up for use with LaTeX.

See the LaTeX manual or LaTeX Companion for explanation.
Type  H <return>  for immediate help.
 ...                                              
                                                  
l.1 ...—Å—è —á–∞—Å—Ç—å—é –ø—Ä–æ–≥—Ä–∞–º–º—ã –ø–æ–¥
                                                  –≥–æ—Ç–æ–≤–∫–∏ —Å–ø–µ—Ü–∏–...

You may provide a definition with
\DeclareUnicodeCharacter 


! LaTeX Error: Unicode character –≥ (U+0433)
               not set up for use with LaTeX.

See the LaTeX manual or LaTeX Companion for explanation.
Type  H <return>  for immediate help.
 ...                                              
                                                  
l.1 ...—è —á–∞—Å—Ç—å—é –ø—Ä–æ–≥—Ä–∞–º–º—ã –ø–æ–¥–≥
                                                  –æ—Ç–æ–≤–∫–∏ —Å–ø–µ—Ü–∏–∞–...

You may provide a definition with
\DeclareUnicodeCharacter 


! LaTeX Error: Unicode character –æ (U+043E)
               not set up for use with LaTeX.

See the LaTeX manual or LaTeX Companion for explanation.
Type  H <return>  for immediate help.
 ...                                              
                                                  
l.1 ... —á–∞—Å—Ç—å—é –ø—Ä–æ–≥—Ä–∞–º–º—ã –ø–æ–¥–≥–æ
                                                  —Ç–æ–≤–∫–∏ —Å–ø–µ—Ü–∏–∞–ª–...

You may provide a definition with
\DeclareUnicodeCharacter 


! LaTeX Error: Unicode character —Ç (U+0442)
               not set up for use with LaTeX.

See the LaTeX manual or LaTeX Companion for explanation.
Type  H <return>  for immediate help.
 ...                                              
                                                  
l.1 ...á–∞—Å—Ç—å—é –ø—Ä–æ–≥—Ä–∞–º–º—ã –ø–æ–¥–≥–æ—Ç
                                                  –æ–≤–∫–∏ —Å–ø–µ—Ü–∏–∞–ª–∏—...

You may provide a definition with
\DeclareUnicodeCharacter 


! LaTeX Error: Unicode character –æ (U+043E)
               not set up for use with LaTeX.

See the LaTeX manual or LaTeX Companion for explanation.
Type  H <return>  for immediate help.
 ...                                              
                                                  
l.1 ...∞—Å—Ç—å—é –ø—Ä–æ–≥—Ä–∞–º–º—ã –ø–æ–¥–≥–æ—Ç–æ
                                                  –≤–∫–∏ —Å–ø–µ—Ü–∏–∞–ª–∏—Å—...

You may provide a definition with
\DeclareUnicodeCharacter 


! LaTeX Error: Unicode character –≤ (U+0432)
               not set up for use with LaTeX.

See the LaTeX manual or LaTeX Companion for explanation.
Type  H <return>  for immediate help.
 ...                                              
                                                  
l.1 ...Å—Ç—å—é –ø—Ä–æ–≥—Ä–∞–º–º—ã –ø–æ–¥–≥–æ—Ç–æ–≤
                                                  –∫–∏ —Å–ø–µ—Ü–∏–∞–ª–∏—Å—Ç–...

You may provide a definition with
\DeclareUnicodeCharacter 


! LaTeX Error: Unicode character –∫ (U+043A)
               not set up for use with LaTeX.

See the LaTeX manual or LaTeX Companion for explanation.
Type  H <return>  for immediate help.
 ...                                              
                                                  
l.1 ...Ç—å—é –ø—Ä–æ–≥—Ä–∞–º–º—ã –ø–æ–¥–≥–æ—Ç–æ–≤–∫
                                                  –∏ —Å–ø–µ—Ü–∏–∞–ª–∏—Å—Ç–æ–...

You may provide a definition with
\DeclareUnicodeCharacter 


! LaTeX Error: Unicode character –∏ (U+0438)
               not set up for use with LaTeX.

See the LaTeX manual or LaTeX Companion for explanation.
Type  H <return>  for immediate help.
 ...                                              
                                                  
l.1 ...å—é –ø—Ä–æ–≥—Ä–∞–º–º—ã –ø–æ–¥–≥–æ—Ç–æ–≤–∫–∏
                                                   —Å–ø–µ—Ü–∏–∞–ª–∏—Å—Ç–æ–≤ ...

You may provide a definition with
\DeclareUnicodeCharacter 


! LaTeX Error: Unicode character —Å (U+0441)
               not set up for use with LaTeX.

See the LaTeX manual or LaTeX Companion for explanation.
Type  H <return>  for immediate help.
 ...                                              
                                                  
l.1 ... –ø—Ä–æ–≥—Ä–∞–º–º—ã –ø–æ–¥–≥–æ—Ç–æ–≤–∫–∏ —Å
                                                  –ø–µ—Ü–∏–∞–ª–∏—Å—Ç–æ–≤ —Å—...

You may provide a definition with
\DeclareUnicodeCharacter 


! LaTeX Error: Unicode character –ø (U+043F)
               not set up for use with LaTeX.

See the LaTeX manual or LaTeX Companion for explanation.
Type  H <return>  for immediate help.
 ...                                              
                                                  
l.1 ...ø—Ä–æ–≥—Ä–∞–º–º—ã –ø–æ–¥–≥–æ—Ç–æ–≤–∫–∏ —Å–ø
                                                  –µ—Ü–∏–∞–ª–∏—Å—Ç–æ–≤ —Å—Ä–...

You may provide a definition with
\DeclareUnicodeCharacter 


! LaTeX Error: Unicode character –µ (U+0435)
               not set up for use with LaTeX.

See the LaTeX manual or LaTeX Companion for explanation.
Type  H <return>  for immediate help.
 ...                                              
                                                  
l.1 ...Ä–æ–≥—Ä–∞–º–º—ã –ø–æ–¥–≥–æ—Ç–æ–≤–∫–∏ —Å–ø–µ
                                                  —Ü–∏–∞–ª–∏—Å—Ç–æ–≤ —Å—Ä–µ–...

You may provide a definition with
\DeclareUnicodeCharacter 


! LaTeX Error: Unicode character —Ü (U+0446)
               not set up for use with LaTeX.

See the LaTeX manual or LaTeX Companion for explanation.
Type  H <return>  for immediate help.
 ...                                              
                                                  
l.1 ...æ–≥—Ä–∞–º–º—ã –ø–æ–¥–≥–æ—Ç–æ–≤–∫–∏ —Å–ø–µ—Ü
                                                  –∏–∞–ª–∏—Å—Ç–æ–≤ —Å—Ä–µ–¥–...

You may provide a definition with
\DeclareUnicodeCharacter 


! LaTeX Error: Unicode character –∏ (U+0438)
               not set up for use with LaTeX.

See the LaTeX manual or LaTeX Companion for explanation.
Type  H <return>  for immediate help.
 ...                                              
                                                  
l.1 ...≥—Ä–∞–º–º—ã –ø–æ–¥–≥–æ—Ç–æ–≤–∫–∏ —Å–ø–µ—Ü–∏
                                                  –∞–ª–∏—Å—Ç–æ–≤ —Å—Ä–µ–¥–Ω–...

You may provide a definition with
\DeclareUnicodeCharacter 


! LaTeX Error: Unicode character –∞ (U+0430)
               not set up for use with LaTeX.

See the LaTeX manual or LaTeX Companion for explanation.
Type  H <return>  for immediate help.
 ...                                              
                                                  
l.1 ...Ä–∞–º–º—ã –ø–æ–¥–≥–æ—Ç–æ–≤–∫–∏ —Å–ø–µ—Ü–∏–∞
                                                  –ª–∏—Å—Ç–æ–≤ —Å—Ä–µ–¥–Ω–µ–...

You may provide a definition with
\DeclareUnicodeCharacter 


! LaTeX Error: Unicode character –ª (U+043B)
               not set up for use with LaTeX.

See the LaTeX manual or LaTeX Companion for explanation.
Type  H <return>  for immediate help.
 ...                                              
                                                  
l.1 ...∞–º–º—ã –ø–æ–¥–≥–æ—Ç–æ–≤–∫–∏ —Å–ø–µ—Ü–∏–∞–ª
                                                  –∏—Å—Ç–æ–≤ —Å—Ä–µ–¥–Ω–µ–≥–...

You may provide a definition with
\DeclareUnicodeCharacter 


! LaTeX Error: Unicode character –∏ (U+0438)
               not set up for use with LaTeX.

See the LaTeX manual or LaTeX Companion for explanation.
Type  H <return>  for immediate help.
 ...                                              
                                                  
l.1 ...º–º—ã –ø–æ–¥–≥–æ—Ç–æ–≤–∫–∏ —Å–ø–µ—Ü–∏–∞–ª–∏
                                                  —Å—Ç–æ–≤ —Å—Ä–µ–¥–Ω–µ–≥–æ ...

You may provide a definition with
\DeclareUnicodeCharacter 


! LaTeX Error: Unicode character —Å (U+0441)
               not set up for use with LaTeX.

See the LaTeX manual or LaTeX Companion for explanation.
Type  H <return>  for immediate help.
 ...                                              
                                                  
l.1 ...º—ã –ø–æ–¥–≥–æ—Ç–æ–≤–∫–∏ —Å–ø–µ—Ü–∏–∞–ª–∏—Å
                                                  —Ç–æ–≤ —Å—Ä–µ–¥–Ω–µ–≥–æ –∑...

You may provide a definition with
\DeclareUnicodeCharacter 


! LaTeX Error: Unicode character —Ç (U+0442)
               not set up for use with LaTeX.

See the LaTeX manual or LaTeX Companion for explanation.
Type  H <return>  for immediate help.
 ...                                              
                                                  
l.1 ...ã –ø–æ–¥–≥–æ—Ç–æ–≤–∫–∏ —Å–ø–µ—Ü–∏–∞–ª–∏—Å—Ç
                                                  –æ–≤ —Å—Ä–µ–¥–Ω–µ–≥–æ –∑–≤...

You may provide a definition with
\DeclareUnicodeCharacter 


! LaTeX Error: Unicode character –æ (U+043E)
               not set up for use with LaTeX.

See the LaTeX manual or LaTeX Companion for explanation.
Type  H <return>  for immediate help.
 ...                                              
                                                  
l.1 ...–ø–æ–¥–≥–æ—Ç–æ–≤–∫–∏ —Å–ø–µ—Ü–∏–∞–ª–∏—Å—Ç–æ
                                                  –≤ —Å—Ä–µ–¥–Ω–µ–≥–æ –∑–≤–µ...

You may provide a definition with
\DeclareUnicodeCharacter 


! LaTeX Error: Unicode character –≤ (U+0432)
               not set up for use with LaTeX.

See the LaTeX manual or LaTeX Companion for explanation.
Type  H <return>  for immediate help.
 ...                                              
                                                  
l.1 ...–æ–¥–≥–æ—Ç–æ–≤–∫–∏ —Å–ø–µ—Ü–∏–∞–ª–∏—Å—Ç–æ–≤
                                                   —Å—Ä–µ–¥–Ω–µ–≥–æ –∑–≤–µ–Ω...

You may provide a definition with
\DeclareUnicodeCharacter 


! LaTeX Error: Unicode character —Å (U+0441)
               not set up for use with LaTeX.

See the LaTeX manual or LaTeX Companion for explanation.
Type  H <return>  for immediate help.
 ...                                              
                                                  
l.1 ...¥–≥–æ—Ç–æ–≤–∫–∏ —Å–ø–µ—Ü–∏–∞–ª–∏—Å—Ç–æ–≤ —Å
                                                  —Ä–µ–¥–Ω–µ–≥–æ –∑–≤–µ–Ω–∞ ...

You may provide a definition with
\DeclareUnicodeCharacter 


! LaTeX Error: Unicode character —Ä (U+0440)
               not set up for use with LaTeX.

See the LaTeX manual or LaTeX Companion for explanation.
Type  H <return>  for immediate help.
 ...                                              
                                                  
l.1 ...≥–æ—Ç–æ–≤–∫–∏ —Å–ø–µ—Ü–∏–∞–ª–∏—Å—Ç–æ–≤ —Å—Ä
                                                  –µ–¥–Ω–µ–≥–æ –∑–≤–µ–Ω–∞ (–...

You may provide a definition with
\DeclareUnicodeCharacter 


! LaTeX Error: Unicode character –µ (U+0435)
               not set up for use with LaTeX.

See the LaTeX manual or LaTeX Companion for explanation.
Type  H <return>  for immediate help.
 ...                                              
                                                  
l.1 ...æ—Ç–æ–≤–∫–∏ —Å–ø–µ—Ü–∏–∞–ª–∏—Å—Ç–æ–≤ —Å—Ä–µ
                                                  –¥–Ω–µ–≥–æ –∑–≤–µ–Ω–∞ (–ü–...

You may provide a definition with
\DeclareUnicodeCharacter 


! LaTeX Error: Unicode character –¥ (U+0434)
               not set up for use with LaTeX.

See the LaTeX manual or LaTeX Companion for explanation.
Type  H <return>  for immediate help.
 ...                                              
                                                  
l.1 ...Ç–æ–≤–∫–∏ —Å–ø–µ—Ü–∏–∞–ª–∏—Å—Ç–æ–≤ —Å—Ä–µ–¥
                                                  –Ω–µ–≥–æ –∑–≤–µ–Ω–∞ (–ü–ü–...

You may provide a definition with
\DeclareUnicodeCharacter 


! LaTeX Error: Unicode character –Ω (U+043D)
               not set up for use with LaTeX.

See the LaTeX manual or LaTeX Companion for explanation.
Type  H <return>  for immediate help.
 ...                                              
                                                  
l.1 ...æ–≤–∫–∏ —Å–ø–µ—Ü–∏–∞–ª–∏—Å—Ç–æ–≤ —Å—Ä–µ–¥–Ω
                                                  –µ–≥–æ –∑–≤–µ–Ω–∞ (–ü–ü–°–...

You may provide a definition with
\DeclareUnicodeCharacter 


! LaTeX Error: Unicode character –µ (U+0435)
               not set up for use with LaTeX.

See the LaTeX manual or LaTeX Companion for explanation.
Type  H <return>  for immediate help.
 ...                                              
                                                  
l.1 ...≤–∫–∏ —Å–ø–µ—Ü–∏–∞–ª–∏—Å—Ç–æ–≤ —Å—Ä–µ–¥–Ω–µ
                                                  –≥–æ –∑–≤–µ–Ω–∞ (–ü–ü–°–°–...

You may provide a definition with
\DeclareUnicodeCharacter 


! LaTeX Error: Unicode character –≥ (U+0433)
               not set up for use with LaTeX.

See the LaTeX manual or LaTeX Companion for explanation.
Type  H <return>  for immediate help.
 ...                                              
                                                  
l.1 ...∫–∏ —Å–ø–µ—Ü–∏–∞–ª–∏—Å—Ç–æ–≤ —Å—Ä–µ–¥–Ω–µ–≥
                                                  –æ –∑–≤–µ–Ω–∞ (–ü–ü–°–°–ó)...

You may provide a definition with
\DeclareUnicodeCharacter 


! LaTeX Error: Unicode character –æ (U+043E)
               not set up for use with LaTeX.

See the LaTeX manual or LaTeX Companion for explanation.
Type  H <return>  for immediate help.
 ...                                              
                                                  
l.1 ...∏ —Å–ø–µ—Ü–∏–∞–ª–∏—Å—Ç–æ–≤ —Å—Ä–µ–¥–Ω–µ–≥–æ
                                                   –∑–≤–µ–Ω–∞ (–ü–ü–°–°–ó) –...

You may provide a definition with
\DeclareUnicodeCharacter 


! LaTeX Error: Unicode character –∑ (U+0437)
               not set up for use with LaTeX.

See the LaTeX manual or LaTeX Companion for explanation.
Type  H <return>  for immediate help.
 ...                                              
                                                  
l.1 ...Å–ø–µ—Ü–∏–∞–ª–∏—Å—Ç–æ–≤ —Å—Ä–µ–¥–Ω–µ–≥–æ –∑
                                                  –≤–µ–Ω–∞ (–ü–ü–°–°–ó) –ø–æ...

You may provide a definition with
\DeclareUnicodeCharacter 


! LaTeX Error: Unicode character –≤ (U+0432)
               not set up for use with LaTeX.

See the LaTeX manual or LaTeX Companion for explanation.
Type  H <return>  for immediate help.
 ...                                              
                                                  
l.1 ...ø–µ—Ü–∏–∞–ª–∏—Å—Ç–æ–≤ —Å—Ä–µ–¥–Ω–µ–≥–æ –∑–≤
                                                  –µ–Ω–∞ (–ü–ü–°–°–ó) –ø–æ —...

You may provide a definition with
\DeclareUnicodeCharacter 


! LaTeX Error: Unicode character –µ (U+0435)
               not set up for use with LaTeX.

See the LaTeX manual or LaTeX Companion for explanation.
Type  H <return>  for immediate help.
 ...                                              
                                                  
l.1 ...µ—Ü–∏–∞–ª–∏—Å—Ç–æ–≤ —Å—Ä–µ–¥–Ω–µ–≥–æ –∑–≤–µ
                                                  –Ω–∞ (–ü–ü–°–°–ó) –ø–æ —Å–...

You may provide a definition with
\DeclareUnicodeCharacter 


! LaTeX Error: Unicode character –Ω (U+043D)
               not set up for use with LaTeX.

See the LaTeX manual or LaTeX Companion for explanation.
Type  H <return>  for immediate help.
 ...                                              
                                                  
l.1 ...Ü–∏–∞–ª–∏—Å—Ç–æ–≤ —Å—Ä–µ–¥–Ω–µ–≥–æ –∑–≤–µ–Ω
                                                  –∞ (–ü–ü–°–°–ó) –ø–æ —Å–ø–...

You may provide a definition with
\DeclareUnicodeCharacter 


! LaTeX Error: Unicode character –∞ (U+0430)
               not set up for use with LaTeX.

See the LaTeX manual or LaTeX Companion for explanation.
Type  H <return>  for immediate help.
 ...                                              
                                                  
l.1 ...∏–∞–ª–∏—Å—Ç–æ–≤ —Å—Ä–µ–¥–Ω–µ–≥–æ –∑–≤–µ–Ω–∞
                                                   (–ü–ü–°–°–ó) –ø–æ —Å–ø–µ—...

You may provide a definition with
\DeclareUnicodeCharacter 


! LaTeX Error: Missing \begin{document}.

See the LaTeX manual or LaTeX Companion for explanation.
Type  H <return>  for immediate help.
 ...                                              
                                                  
l.1 ...∞–ª–∏—Å—Ç–æ–≤ —Å—Ä–µ–¥–Ω–µ–≥–æ –∑–≤–µ–Ω–∞ (
                                                  –ü–ü–°–°–ó) –ø–æ —Å–ø–µ—Ü–...

You're in trouble here.  Try typing  <return>  to proceed.
If that doesn't work, type  X <return>  to quit.

Missing character: There is no ( in font nullfont!

! LaTeX Error: Unicode character –ü (U+041F)
               not set up for use with LaTeX.

See the LaTeX manual or LaTeX Companion for explanation.
Type  H <return>  for immediate help.
 ...                                              
                                                  
l.1 ...ª–∏—Å—Ç–æ–≤ —Å—Ä–µ–¥–Ω–µ–≥–æ –∑–≤–µ–Ω–∞ (–ü
                                                  –ü–°–°–ó) –ø–æ —Å–ø–µ—Ü–∏–...

You may provide a definition with
\DeclareUnicodeCharacter 


! LaTeX Error: Unicode character –ü (U+041F)
               not set up for use with LaTeX.

See the LaTeX manual or LaTeX Companion for explanation.
Type  H <return>  for immediate help.
 ...                                              
                                                  
l.1 ...∏—Å—Ç–æ–≤ —Å—Ä–µ–¥–Ω–µ–≥–æ –∑–≤–µ–Ω–∞ (–ü–ü
                                                  –°–°–ó) –ø–æ —Å–ø–µ—Ü–∏–∞–...

You may provide a definition with
\DeclareUnicodeCharacter 


! LaTeX Error: Unicode character –° (U+0421)
               not set up for use with LaTeX.

See the LaTeX manual or LaTeX Companion for explanation.
Type  H <return>  for immediate help.
 ...                                              
                                                  
l.1 ...Å—Ç–æ–≤ —Å—Ä–µ–¥–Ω–µ–≥–æ –∑–≤–µ–Ω–∞ (–ü–ü–°
                                                  –°–ó) –ø–æ —Å–ø–µ—Ü–∏–∞–ª—...

You may provide a definition with
\DeclareUnicodeCharacter 


! LaTeX Error: Unicode character –° (U+0421)
               not set up for use with LaTeX.

See the LaTeX manual or LaTeX Companion for explanation.
Type  H <return>  for immediate help.
 ...                                              
                                                  
l.1 ...Ç–æ–≤ —Å—Ä–µ–¥–Ω–µ–≥–æ –∑–≤–µ–Ω–∞ (–ü–ü–°–°
                                                  –ó) –ø–æ —Å–ø–µ—Ü–∏–∞–ª—å–...

You may provide a definition with
\DeclareUnicodeCharacter 


! LaTeX Error: Unicode character –ó (U+0417)
               not set up for use with LaTeX.

See the LaTeX manual or LaTeX Companion for explanation.
Type  H <return>  for immediate help.
 ...                                              
                                                  
l.1 ...æ–≤ —Å—Ä–µ–¥–Ω–µ–≥–æ –∑–≤–µ–Ω–∞ (–ü–ü–°–°–ó
                                                  ) –ø–æ —Å–ø–µ—Ü–∏–∞–ª—å–Ω–...

You may provide a definition with
\DeclareUnicodeCharacter 

Missing character: There is no ) in font nullfont!

! LaTeX Error: Unicode character –ø (U+043F)
               not set up for use with LaTeX.

See the LaTeX manual or LaTeX Companion for explanation.
Type  H <return>  for immediate help.
 ...                                              
                                                  
l.1 ...—Å—Ä–µ–¥–Ω–µ–≥–æ –∑–≤–µ–Ω–∞ (–ü–ü–°–°–ó) –ø
                                                  –æ —Å–ø–µ—Ü–∏–∞–ª—å–Ω–æ—Å—...

You may provide a definition with
\DeclareUnicodeCharacter 


! LaTeX Error: Unicode character –æ (U+043E)
               not set up for use with LaTeX.

See the LaTeX manual or LaTeX Companion for explanation.
Type  H <return>  for immediate help.
 ...                                              
                                                  
l.1 ...—Ä–µ–¥–Ω–µ–≥–æ –∑–≤–µ–Ω–∞ (–ü–ü–°–°–ó) –ø–æ
                                                   —Å–ø–µ—Ü–∏–∞–ª—å–Ω–æ—Å—Ç–...

You may provide a definition with
\DeclareUnicodeCharacter 


! LaTeX Error: Unicode character —Å (U+0441)
               not set up for use with LaTeX.

See the LaTeX manual or LaTeX Companion for explanation.
Type  H <return>  for immediate help.
 ...                                              
                                                  
l.1 ...µ–¥–Ω–µ–≥–æ –∑–≤–µ–Ω–∞ (–ü–ü–°–°–ó) –ø–æ —Å
                                                  –ø–µ—Ü–∏–∞–ª—å–Ω–æ—Å—Ç–∏ –...

You may provide a definition with
\DeclareUnicodeCharacter 


! LaTeX Error: Unicode character –ø (U+043F)
               not set up for use with LaTeX.

See the LaTeX manual or LaTeX Companion for explanation.
Type  H <return>  for immediate help.
 ...                                              
                                                  
l.1 ...¥–Ω–µ–≥–æ –∑–≤–µ–Ω–∞ (–ü–ü–°–°–ó) –ø–æ —Å–ø
                                                  –µ—Ü–∏–∞–ª—å–Ω–æ—Å—Ç–∏ –°–...

You may provide a definition with
\DeclareUnicodeCharacter 


! LaTeX Error: Unicode character –µ (U+0435)
               not set up for use with LaTeX.

See the LaTeX manual or LaTeX Companion for explanation.
Type  H <return>  for immediate help.
 ...                                              
                                                  
l.1 ...Ω–µ–≥–æ –∑–≤–µ–Ω–∞ (–ü–ü–°–°–ó) –ø–æ —Å–ø–µ
                                                  —Ü–∏–∞–ª—å–Ω–æ—Å—Ç–∏ –°–ü–...

You may provide a definition with
\DeclareUnicodeCharacter 


! LaTeX Error: Unicode character —Ü (U+0446)
               not set up for use with LaTeX.

See the LaTeX manual or LaTeX Companion for explanation.
Type  H <return>  for immediate help.
 ...                                              
                                                  
l.1 ...µ–≥–æ –∑–≤–µ–Ω–∞ (–ü–ü–°–°–ó) –ø–æ —Å–ø–µ—Ü
                                                  –∏–∞–ª—å–Ω–æ—Å—Ç–∏ –°–ü–û ...

You may provide a definition with
\DeclareUnicodeCharacter 


! LaTeX Error: Unicode character –∏ (U+0438)
               not set up for use with LaTeX.

See the LaTeX manual or LaTeX Companion for explanation.
Type  H <return>  for immediate help.
 ...                                              
                                                  
l.1 ...≥–æ –∑–≤–µ–Ω–∞ (–ü–ü–°–°–ó) –ø–æ —Å–ø–µ—Ü–∏
                                                  –∞–ª—å–Ω–æ—Å—Ç–∏ –°–ü–û –≤...

You may provide a definition with
\DeclareUnicodeCharacter 


! LaTeX Error: Unicode character –∞ (U+0430)
               not set up for use with LaTeX.

See the LaTeX manual or LaTeX Companion for explanation.
Type  H <return>  for immediate help.
 ...                                              
                                                  
l.1 ...æ –∑–≤–µ–Ω–∞ (–ü–ü–°–°–ó) –ø–æ —Å–ø–µ—Ü–∏–∞
                                                  –ª—å–Ω–æ—Å—Ç–∏ –°–ü–û –≤ —...

You may provide a definition with
\DeclareUnicodeCharacter 


! LaTeX Error: Unicode character –ª (U+043B)
               not set up for use with LaTeX.

See the LaTeX manual or LaTeX Companion for explanation.
Type  H <return>  for immediate help.
 ...                                              
                                                  
l.1 ...–∑–≤–µ–Ω–∞ (–ü–ü–°–°–ó) –ø–æ —Å–ø–µ—Ü–∏–∞–ª
                                                  —å–Ω–æ—Å—Ç–∏ –°–ü–û –≤ —Å–...

You may provide a definition with
\DeclareUnicodeCharacter 


! LaTeX Error: Unicode character —å (U+044C)
               not set up for use with LaTeX.

See the LaTeX manual or LaTeX Companion for explanation.
Type  H <return>  for immediate help.
 ...                                              
                                                  
l.1 ...–≤–µ–Ω–∞ (–ü–ü–°–°–ó) –ø–æ —Å–ø–µ—Ü–∏–∞–ª—å
                                                  –Ω–æ—Å—Ç–∏ –°–ü–û –≤ —Å–æ–...

You may provide a definition with
\DeclareUnicodeCharacter 


! LaTeX Error: Unicode character –Ω (U+043D)
               not set up for use with LaTeX.

See the LaTeX manual or LaTeX Companion for explanation.
Type  H <return>  for immediate help.
 ...                                              
                                                  
l.1 ...–µ–Ω–∞ (–ü–ü–°–°–ó) –ø–æ —Å–ø–µ—Ü–∏–∞–ª—å–Ω
                                                  –æ—Å—Ç–∏ –°–ü–û –≤ —Å–æ–æ—...

You may provide a definition with
\DeclareUnicodeCharacter 


! LaTeX Error: Unicode character –æ (U+043E)
               not set up for use with LaTeX.

See the LaTeX manual or LaTeX Companion for explanation.
Type  H <return>  for immediate help.
 ...                                              
                                                  
l.1 ...–Ω–∞ (–ü–ü–°–°–ó) –ø–æ —Å–ø–µ—Ü–∏–∞–ª—å–Ω–æ
                                                  —Å—Ç–∏ –°–ü–û –≤ —Å–æ–æ—Ç–...

You may provide a definition with
\DeclareUnicodeCharacter 


! LaTeX Error: Unicode character —Å (U+0441)
               not set up for use with LaTeX.

See the LaTeX manual or LaTeX Companion for explanation.
Type  H <return>  for immediate help.
 ...                                              
                                                  
l.1 ...–∞ (–ü–ü–°–°–ó) –ø–æ —Å–ø–µ—Ü–∏–∞–ª—å–Ω–æ—Å
                                                  —Ç–∏ –°–ü–û –≤ —Å–æ–æ—Ç–≤–...

You may provide a definition with
\DeclareUnicodeCharacter 


! LaTeX Error: Unicode character —Ç (U+0442)
               not set up for use with LaTeX.

See the LaTeX manual or LaTeX Companion for explanation.
Type  H <return>  for immediate help.
 ...                                              
                                                  
l.1 ... (–ü–ü–°–°–ó) –ø–æ —Å–ø–µ—Ü–∏–∞–ª—å–Ω–æ—Å—Ç
                                                  –∏ –°–ü–û –≤ —Å–æ–æ—Ç–≤–µ—...

You may provide a definition with
\DeclareUnicodeCharacter 


! LaTeX Error: Unicode character –∏ (U+0438)
               not set up for use with LaTeX.

See the LaTeX manual or LaTeX Companion for explanation.
Type  H <return>  for immediate help.
 ...                                              
                                                  
l.1 ...–ü–ü–°–°–ó) –ø–æ —Å–ø–µ—Ü–∏–∞–ª—å–Ω–æ—Å—Ç–∏
                                                   –°–ü–û –≤ —Å–æ–æ—Ç–≤–µ—Ç—...

You may provide a definition with
\DeclareUnicodeCharacter 


! LaTeX Error: Unicode character –° (U+0421)
               not set up for use with LaTeX.

See the LaTeX manual or LaTeX Companion for explanation.
Type  H <return>  for immediate help.
 ...                                              
                                                  
l.1 ...ü–°–°–ó) –ø–æ —Å–ø–µ—Ü–∏–∞–ª—å–Ω–æ—Å—Ç–∏ –°
                                                  –ü–û –≤ —Å–æ–æ—Ç–≤–µ—Ç—Å—Ç...

You may provide a definition with
\DeclareUnicodeCharacter 


! LaTeX Error: Unicode character –ü (U+041F)
               not set up for use with LaTeX.

See the LaTeX manual or LaTeX Companion for explanation.
Type  H <return>  for immediate help.
 ...                                              
                                                  
l.1 ...°–°–ó) –ø–æ —Å–ø–µ—Ü–∏–∞–ª—å–Ω–æ—Å—Ç–∏ –°–ü
                                                  –û –≤ —Å–æ–æ—Ç–≤–µ—Ç—Å—Ç–≤...

You may provide a definition with
\DeclareUnicodeCharacter 


! LaTeX Error: Unicode character –û (U+041E)
               not set up for use with LaTeX.

See the LaTeX manual or LaTeX Companion for explanation.
Type  H <return>  for immediate help.
 ...                                              
                                                  
l.1 ...°–ó) –ø–æ —Å–ø–µ—Ü–∏–∞–ª—å–Ω–æ—Å—Ç–∏ –°–ü–û
                                                   –≤ —Å–æ–æ—Ç–≤–µ—Ç—Å—Ç–≤–∏...

You may provide a definition with
\DeclareUnicodeCharacter 


! LaTeX Error: Unicode character –≤ (U+0432)
               not set up for use with LaTeX.

See the LaTeX manual or LaTeX Companion for explanation.
Type  H <return>  for immediate help.
 ...                                              
                                                  
l.1 ...) –ø–æ —Å–ø–µ—Ü–∏–∞–ª—å–Ω–æ—Å—Ç–∏ –°–ü–û –≤
                                                   —Å–æ–æ—Ç–≤–µ—Ç—Å—Ç–≤–∏–∏ ...

You may provide a definition with
\DeclareUnicodeCharacter 


! LaTeX Error: Unicode character —Å (U+0441)
               not set up for use with LaTeX.

See the LaTeX manual or LaTeX Companion for explanation.
Type  H <return>  for immediate help.
 ...                                              
                                                  
l.1 ...ø–æ —Å–ø–µ—Ü–∏–∞–ª—å–Ω–æ—Å—Ç–∏ –°–ü–û –≤ —Å
                                                  –æ–æ—Ç–≤–µ—Ç—Å—Ç–≤–∏–∏ —Å ...

You may provide a definition with
\DeclareUnicodeCharacter 


! LaTeX Error: Unicode character –æ (U+043E)
               not set up for use with LaTeX.

See the LaTeX manual or LaTeX Companion for explanation.
Type  H <return>  for immediate help.
 ...                                              
                                                  
l.1 ...æ —Å–ø–µ—Ü–∏–∞–ª—å–Ω–æ—Å—Ç–∏ –°–ü–û –≤ —Å–æ
                                                  –æ—Ç–≤–µ—Ç—Å—Ç–≤–∏–∏ —Å –§...

You may provide a definition with
\DeclareUnicodeCharacter 


! LaTeX Error: Unicode character –æ (U+043E)
               not set up for use with LaTeX.

See the LaTeX manual or LaTeX Companion for explanation.
Type  H <return>  for immediate help.
 ...                                              
                                                  
l.1 ...—Å–ø–µ—Ü–∏–∞–ª—å–Ω–æ—Å—Ç–∏ –°–ü–û –≤ —Å–æ–æ
                                                  —Ç–≤–µ—Ç—Å—Ç–≤–∏–∏ —Å –§–ì...

You may provide a definition with
\DeclareUnicodeCharacter 


! LaTeX Error: Unicode character —Ç (U+0442)
               not set up for use with LaTeX.

See the LaTeX manual or LaTeX Companion for explanation.
Type  H <return>  for immediate help.
 ...                                              
                                                  
l.1 ...–ø–µ—Ü–∏–∞–ª—å–Ω–æ—Å—Ç–∏ –°–ü–û –≤ —Å–æ–æ—Ç
                                                  –≤–µ—Ç—Å—Ç–≤–∏–∏ —Å –§–ì–û...

You may provide a definition with
\DeclareUnicodeCharacter 


! LaTeX Error: Unicode character –≤ (U+0432)
               not set up for use with LaTeX.

See the LaTeX manual or LaTeX Companion for explanation.
Type  H <return>  for immediate help.
 ...                                              
                                                  
l.1 ...–µ—Ü–∏–∞–ª—å–Ω–æ—Å—Ç–∏ –°–ü–û –≤ —Å–æ–æ—Ç–≤
                                                  –µ—Ç—Å—Ç–≤–∏–∏ —Å –§–ì–û–°...

You may provide a definition with
\DeclareUnicodeCharacter 


! LaTeX Error: Unicode character –µ (U+0435)
               not set up for use with LaTeX.

See the LaTeX manual or LaTeX Companion for explanation.
Type  H <return>  for immediate help.
 ...                                              
                                                  
l.1 ...—Ü–∏–∞–ª—å–Ω–æ—Å—Ç–∏ –°–ü–û –≤ —Å–æ–æ—Ç–≤–µ
                                                  —Ç—Å—Ç–≤–∏–∏ —Å –§–ì–û–° –...

You may provide a definition with
\DeclareUnicodeCharacter 


! LaTeX Error: Unicode character —Ç (U+0442)
               not set up for use with LaTeX.

See the LaTeX manual or LaTeX Companion for explanation.
Type  H <return>  for immediate help.
 ...                                              
                                                  
l.1 ...–∏–∞–ª—å–Ω–æ—Å—Ç–∏ –°–ü–û –≤ —Å–æ–æ—Ç–≤–µ—Ç
                                                  —Å—Ç–≤–∏–∏ —Å –§–ì–û–° –°–...

You may provide a definition with
\DeclareUnicodeCharacter 


! LaTeX Error: Unicode character —Å (U+0441)
               not set up for use with LaTeX.

See the LaTeX manual or LaTeX Companion for explanation.
Type  H <return>  for immediate help.
 ...                                              
                                                  
l.1 ...–∞–ª—å–Ω–æ—Å—Ç–∏ –°–ü–û –≤ —Å–æ–æ—Ç–≤–µ—Ç—Å
                                                  —Ç–≤–∏–∏ —Å –§–ì–û–° –°–ü–...

You may provide a definition with
\DeclareUnicodeCharacter 


! LaTeX Error: Unicode character —Ç (U+0442)
               not set up for use with LaTeX.

See the LaTeX manual or LaTeX Companion for explanation.
Type  H <return>  for immediate help.
 ...                                              
                                                  
l.1 ...–ª—å–Ω–æ—Å—Ç–∏ –°–ü–û –≤ —Å–æ–æ—Ç–≤–µ—Ç—Å—Ç
                                                  –≤–∏–∏ —Å –§–ì–û–° –°–ü–û ...

You may provide a definition with
\DeclareUnicodeCharacter 


! LaTeX Error: Unicode character –≤ (U+0432)
               not set up for use with LaTeX.

See the LaTeX manual or LaTeX Companion for explanation.
Type  H <return>  for immediate help.
 ...                                              
                                                  
l.1 ...—å–Ω–æ—Å—Ç–∏ –°–ü–û –≤ —Å–æ–æ—Ç–≤–µ—Ç—Å—Ç–≤
                                                  –∏–∏ —Å –§–ì–û–° –°–ü–û –ø...

You may provide a definition with
\DeclareUnicodeCharacter 


! LaTeX Error: Unicode character –∏ (U+0438)
               not set up for use with LaTeX.

See the LaTeX manual or LaTeX Companion for explanation.
Type  H <return>  for immediate help.
 ...                                              
                                                  
l.1 ...–Ω–æ—Å—Ç–∏ –°–ü–û –≤ —Å–æ–æ—Ç–≤–µ—Ç—Å—Ç–≤–∏
                                                  –∏ —Å –§–ì–û–° –°–ü–û –ø–æ...

You may provide a definition with
\DeclareUnicodeCharacter 


! LaTeX Error: Unicode character –∏ (U+0438)
               not set up for use with LaTeX.

See the LaTeX manual or LaTeX Companion for explanation.
Type  H <return>  for immediate help.
 ...                                              
                                                  
l.1 ...–æ—Å—Ç–∏ –°–ü–û –≤ —Å–æ–æ—Ç–≤–µ—Ç—Å—Ç–≤–∏–∏
                                                   —Å –§–ì–û–° –°–ü–û –ø–æ –...

You may provide a definition with
\DeclareUnicodeCharacter 


! LaTeX Error: Unicode character —Å (U+0441)
               not set up for use with LaTeX.

See the LaTeX manual or LaTeX Companion for explanation.
Type  H <return>  for immediate help.
 ...                                              
                                                  
l.1 ...Å—Ç–∏ –°–ü–û –≤ —Å–æ–æ—Ç–≤–µ—Ç—Å—Ç–≤–∏–∏ —Å
                                                   –§–ì–û–° –°–ü–û –ø–æ –¢–û...

You may provide a definition with
\DeclareUnicodeCharacter 


! LaTeX Error: Unicode character –§ (U+0424)
               not set up for use with LaTeX.

See the LaTeX manual or LaTeX Companion for explanation.
Type  H <return>  for immediate help.
 ...                                              
                                                  
l.1 ...–∏ –°–ü–û –≤ —Å–æ–æ—Ç–≤–µ—Ç—Å—Ç–≤–∏–∏ —Å –§
                                                  –ì–û–° –°–ü–û –ø–æ –¢–û–ü-...

You may provide a definition with
\DeclareUnicodeCharacter 


! LaTeX Error: Unicode character –ì (U+0413)
               not set up for use with LaTeX.

See the LaTeX manual or LaTeX Companion for explanation.
Type  H <return>  for immediate help.
 ...                                              
                                                  
l.1 ... –°–ü–û –≤ —Å–æ–æ—Ç–≤–µ—Ç—Å—Ç–≤–∏–∏ —Å –§–ì
                                                  –û–° –°–ü–û –ø–æ –¢–û–ü-50...

You may provide a definition with
\DeclareUnicodeCharacter 


! LaTeX Error: Unicode character –û (U+041E)
               not set up for use with LaTeX.

See the LaTeX manual or LaTeX Companion for explanation.
Type  H <return>  for immediate help.
 ...                                              
                                                  
l.1 ...°–ü–û –≤ —Å–æ–æ—Ç–≤–µ—Ç—Å—Ç–≤–∏–∏ —Å –§–ì–û
                                                  –° –°–ü–û –ø–æ –¢–û–ü-50 \...

You may provide a definition with
\DeclareUnicodeCharacter 


! LaTeX Error: Unicode character –° (U+0421)
               not set up for use with LaTeX.

See the LaTeX manual or LaTeX Companion for explanation.
Type  H <return>  for immediate help.
 ...                                              
                                                  
l.1 ...ü–û –≤ —Å–æ–æ—Ç–≤–µ—Ç—Å—Ç–≤–∏–∏ —Å –§–ì–û–°
                                                   –°–ü–û –ø–æ –¢–û–ü-50 \re...

You may provide a definition with
\DeclareUnicodeCharacter 


! LaTeX Error: Unicode character –° (U+0421)
               not set up for use with LaTeX.

See the LaTeX manual or LaTeX Companion for explanation.
Type  H <return>  for immediate help.
 ...                                              
                                                  
l.1 ... –≤ —Å–æ–æ—Ç–≤–µ—Ç—Å—Ç–≤–∏–∏ —Å –§–ì–û–° –°
                                                  –ü–û –ø–æ –¢–û–ü-50 \readl...

You may provide a definition with
\DeclareUnicodeCharacter 


! LaTeX Error: Unicode character –ü (U+041F)
               not set up for use with LaTeX.

See the LaTeX manual or LaTeX Companion for explanation.
Type  H <return>  for immediate help.
 ...                                              
                                                  
l.1 ...≤ —Å–æ–æ—Ç–≤–µ—Ç—Å—Ç–≤–∏–∏ —Å –§–ì–û–° –°–ü
                                                  –û –ø–æ –¢–û–ü-50 \readlin...

You may provide a definition with
\DeclareUnicodeCharacter 


! LaTeX Error: Unicode character –û (U+041E)
               not set up for use with LaTeX.

See the LaTeX manual or LaTeX Companion for explanation.
Type  H <return>  for immediate help.
 ...                                              
                                                  
l.1 ...—Å–æ–æ—Ç–≤–µ—Ç—Å—Ç–≤–∏–∏ —Å –§–ì–û–° –°–ü–û
                                                   –ø–æ –¢–û–ü-50 \readline{...

You may provide a definition with
\DeclareUnicodeCharacter 


! LaTeX Error: Unicode character –ø (U+043F)
               not set up for use with LaTeX.

See the LaTeX manual or LaTeX Companion for explanation.
Type  H <return>  for immediate help.
 ...                                              
                                                  
l.1 ...æ–æ—Ç–≤–µ—Ç—Å—Ç–≤–∏–∏ —Å –§–ì–û–° –°–ü–û –ø
                                                  –æ –¢–û–ü-50 \readline{3}{...

You may provide a definition with
\DeclareUnicodeCharacter 


! LaTeX Error: Unicode character –æ (U+043E)
               not set up for use with LaTeX.

See the LaTeX manual or LaTeX Companion for explanation.
Type  H <return>  for immediate help.
 ...                                              
                                                  
l.1 ...æ—Ç–≤–µ—Ç—Å—Ç–≤–∏–∏ —Å –§–ì–û–° –°–ü–û –ø–æ
                                                   –¢–û–ü-50 \readline{3}{pa...

You may provide a definition with
\DeclareUnicodeCharacter 


! LaTeX Error: Unicode character –¢ (U+0422)
               not set up for use with LaTeX.

See the LaTeX manual or LaTeX Companion for explanation.
Type  H <return>  for immediate help.
 ...                                              
                                                  
l.1 ...–≤–µ—Ç—Å—Ç–≤–∏–∏ —Å –§–ì–û–° –°–ü–û –ø–æ –¢
                                                  –û–ü-50 \readline{3}{param...

You may provide a definition with
\DeclareUnicodeCharacter 


! LaTeX Error: Unicode character –û (U+041E)
               not set up for use with LaTeX.

See the LaTeX manual or LaTeX Companion for explanation.
Type  H <return>  for immediate help.
 ...                                              
                                                  
l.1 ...–µ—Ç—Å—Ç–≤–∏–∏ —Å –§–ì–û–° –°–ü–û –ø–æ –¢–û
                                                  –ü-50 \readline{3}{paramet...

You may provide a definition with
\DeclareUnicodeCharacter 


! LaTeX Error: Unicode character –ü (U+041F)
               not set up for use with LaTeX.

See the LaTeX manual or LaTeX Companion for explanation.
Type  H <return>  for immediate help.
 ...                                              
                                                  
l.1 ...—Ç—Å—Ç–≤–∏–∏ —Å –§–ì–û–° –°–ü–û –ø–æ –¢–û–ü
                                                  -50 \readline{3}{parameter...

You may provide a definition with
\DeclareUnicodeCharacter 

Missing character: There is no - in font nullfont!
Missing character: There is no 5 in font nullfont!
Missing character: There is no 0 in font nullfont!
! Missing number, treated as zero.
<to be read again> 
                   {
l.1 ...Å –§–ì–û–° –°–ü–û –ø–æ –¢–û–ü-50 \readline{
                                                  3}{parameters.txt}\unskip{...
A number should have been here; I inserted `0'.
(If you can't figure out why I needed to see a number,
look up `weird error' in the index to The TeXbook.)

! Missing `to' inserted.
<to be read again> 
                   {
l.1 ...Å –§–ì–û–° –°–ü–û –ø–æ –¢–û–ü-50 \readline{
                                                  3}{parameters.txt}\unskip{...
You should have said `\read<number> to \cs'.
I'm going to look for the \cs now.

! Missing control sequence inserted.
<inserted text> 
                \inaccessible 
l.1 ...Å –§–ì–û–° –°–ü–û –ø–æ –¢–û–ü-50 \readline{
                                                  3}{parameters.txt}\unskip{...
Please don't say `\def cs{...}', say `\def\cs{...}'.
I've inserted an inaccessible control sequence so that your
definition will be completed without mixing me up too badly.
You can recover graciously from this error, if you're
careful; see exercise 27.2 in The TeXbook.

! Emergency stop.
<read 0> 
         
l.1 ...Å –§–ì–û–° –°–ü–û –ø–æ –¢–û–ü-50 \readline{
                                                  3}{parameters.txt}\unskip{...
*** (cannot \read from terminal in nonstop modes)

 
Here is how much of TeX's memory you used:
 50 strings out of 474222
 599 string characters out of 5748733
 1922975 words of memory out of 5000000
 22403 multiletter control sequences out of 15000+600000
 558069 words of font info for 36 fonts, out of 8000000 for 9000
 1141 hyphenation exceptions out of 8191
 15i,0n,18p,950b,14s stack positions out of 10000i,1000n,20000p,200000b,200000s
!  ==> Fatal error occurred, no output PDF file produced!
